make all --print-data-base --no-builtin-variables --no-builtin-rules --question
# GNU Make 3.81
# Copyright (C) 2006  Free Software Foundation, Inc.
# This is free software; see the source for copying conditions.
# There is NO warranty; not even for MERCHANTABILITY or FITNESS FOR A
# PARTICULAR PURPOSE.

# This program built for i386-apple-darwin11.3.0
 

# Make data base, printed on Sat Jun 25 14:10:10 2022

# Variables

 
# makefile (from `Makefile', line 21)
UTILS := src/utils/str_utils.c
# automatic
<D = $(patsubst %/,%,$(dir $<))
# automatic
?F = $(notdir $?)
# environment
ELECTRON_NO_ATTACH_CONSOLE = 1
# makefile (from `Makefile', line 23)
OBJ :=  src/get_next_line/get_next_line_utils.o  src/get_next_line/get_next_line.o  src/parser/parser.o  src/parser/validator.o  src/utils/str_utils.o src/cub3D.o
# environment
VSCODE_LOG_NATIVE = false
# automatic
?D = $(patsubst %/,%,$(dir $?))
# automatic
@D = $(patsubst %/,%,$(dir $@))
# automatic
@F = $(notdir $@)
# makefile
CURDIR := /Users/asouinia/Desktop/42-cursus-cub3D
# makefile
SHELL = /bin/sh
# environment
VSCODE_NLS_CONFIG = {"locale":"en-us","availableLanguages":{},"_languagePackSupport":true}
# environment
_ = /usr/bin/make
# makefile (from `Makefile', line 1)
MAKEFILE_LIST :=  Makefile
# environment
VSCODE_VERBOSE_LOGGING = true
# environment
VSCODE_IPC_HOOK_EXTHOST = /var/folders/zz/zyxvpxvq6csfxvn_n0000jyr0004gp/T/vscode-ipc-80ec5457-2ef8-4efb-8f0d-c4c858d9962d.sock
# environment
VSCODE_CWD = /Users/asouinia/Desktop
# environment
Apple_PubSub_Socket_Render = /private/tmp/com.apple.launchd.adv500nYXL/Render
# environment
PATH = /Users/asouinia/.brew/bin:/usr/local/bin:/usr/bin:/bin:/usr/sbin:/sbin:/usr/local/munki:/Library/Frameworks/Mono.framework/Versions/Current/Commands:/Applications/Visual Studio Code.app/Contents/Resources/app/bin:/Users/asouinia/goinfre/Web/node/bin:/Users/asouinia/goinfre/Web/npm-global/bin
# environment
LSCOLORS = Gxfxcxdxbxegedabagacad
# environment
VSCODE_LOG_STACK = false
# environment
ELECTRON_RUN_AS_NODE = 1
# default
.FEATURES := target-specific order-only second-expansion else-if archives jobserver check-symlink
# environment
SSH_AUTH_SOCK = /private/tmp/com.apple.launchd.dMcm7F8rE0/Listeners
# automatic
%F = $(notdir $%)
# environment
HOMEBREW_TEMP = /tmp/asouinia/Homebrew/Temp
# environment
VSCODE_PIPE_LOGGING = true
# environment
PWD = /Users/asouinia/Desktop/42-cursus-cub3D
# environment
ORIGINAL_XDG_CURRENT_DESKTOP = undefined
# environment
VSCODE_AMD_ENTRYPOINT = vs/workbench/api/node/extensionHostProcess
# environment
HOME = /Users/asouinia
# default
MAKEFILEPATH := /Applications/Xcode.app/Contents/Developer/Makefiles
# environment
VSCODE_CLI = 1
# environment
VSCODE_CODE_CACHE_PATH = /Users/asouinia/Library/Application Support/Code/CachedData/4af164ea3a06f701fe3e89a2bcbb421d2026b68f
# environment
LOGNAME = asouinia
# environment
APPLICATION_INSIGHTS_NO_DIAGNOSTIC_CHANNEL = true
# environment
ZSH = /Users/asouinia/.oh-my-zsh
# environment
VSCODE_HANDLES_UNCAUGHT_ERRORS = true
# automatic
^D = $(patsubst %/,%,$(dir $^))
# environment
XPC_FLAGS = 0x0
# environment
COLORTERM = truecolor
# default
MAKE = $(MAKE_COMMAND)
# environment
LC_TERMINAL = iTerm2
# environment
HOMEBREW_CACHE = /tmp/asouinia/Homebrew/Caches
# environment
SHLVL = 3
# makefile (from `Makefile', line 27)
CC := cc
# default
MAKE_VERSION := 3.81
# environment
USER = asouinia
# makefile
.DEFAULT_GOAL := all
# default
MAKECMDGOALS := all
# environment
TERM_SESSION_ID = w0t0p0:62EFAA12-F573-4E5F-AACE-7B96EE2DB423
# makefile (from `Makefile', line 18)
NAME := cub3D
# environment
LESS = -R
# automatic
%D = $(patsubst %/,%,$(dir $%))
# default
MAKE_COMMAND := /Applications/Xcode.app/Contents/Developer/usr/bin/make
# environment
TERM_PROGRAM = iTerm.app
# default
.VARIABLES := 
# environment
TMPDIR = /var/folders/zz/zyxvpxvq6csfxvn_n0000jyr0004gp/T/
# automatic
*F = $(notdir $*)
# environment
VSCODE_IPC_HOOK = /Users/asouinia/Library/Application Support/Code/1.68.0-main.sock
# makefile
MAKEFLAGS = Rrqp
# environment
MFLAGS = -Rrqp
# automatic
*D = $(patsubst %/,%,$(dir $*))
# environment
TERM_PROGRAM_VERSION = 3.4.15
# environment
XPC_SERVICE_NAME = 0
# environment
LC_TERMINAL_VERSION = 3.4.15
# automatic
 
+D = $(patsubst %/,%,$(dir $+))
# automatic
+F = $(notdir $+)
# environment
ITERM_SESSION_ID = w0t0p0:62EFAA12-F573-4E5F-AACE-7B96EE2DB423
# environment
COLORFGBG = 7;0
# environment
__CF_USER_TEXT_ENCODING = 0x11F6:0x0:0x0
# default
MAKEFILES := 
# makefile (from `Makefile', line 19)
GNL := src/get_next_line/get_next_line_utils.c src/get_next_line/get_next_line.c
# automatic
<F = $(notdir $<)
# environment
ITERM_PROFILE = Default
# environment
PAGER = less
# environment
LC_ALL = C
# automatic
^F = $(notdir $^)
# default
SUFFIXES := 
# makefile (from `Makefile', line 28)
FLAGS := -Wall -Wextra -Werror -fsanitize=address -g
# default
.INCLUDE_DIRS = /usr/local/include
# environment
MAKELEVEL := 0
# environment
LANG = C
# environment
TERM = xterm-256color
# environment
VSCODE_PID = 10159
# makefile (from `Makefile', line 20)
PARSER := src/parser/parser.c src/parser/validator.c
# variable set hash-table stats:
# Load=86/1024=8%, Rehash=0, Collisions=8/117=7%

# Pattern-specific Variable Values

# No pattern-specific variable values.

# Directories

# . (device 16777227, inode 8046114): 10 files, no impossibilities.
# src/utils (device 16777227, inode 8051469): 3 files, no impossibilities so far.
# src/get_next_line (device 16777227, inode 8048681): 5 files, no impossibilities so far.
# src (device 16777227, inode 8048667): 3 files, no impossibilities so far.
# src/parser (device 16777227, inode 8046451): 5 files, no impossibilities so far.

# 26 files, no impossibilities in 5 directories.

# Implicit Rules

%.o: %.c
#  commands to execute (from `Makefile', line 35):
	@$(CC) $(FLAGS) -c $<  -o $@
	

# 1 implicit rules, 0 (0.0%) terminal.

# Files

all: cub3D
#  Phony target (prerequisite of .PHONY).
#  Command-line target.
#  Implicit rule search has not been done.
#  File does not exist.
#  File has been updated.
#  Successfully updated.
# variable set hash-table stats:
# Load=0/32=0%, Rehash=0, Collisions=0/0=0%

t: file_extension
#  Implicit rule search has not been done.
#  Modification time never checked.
#  File has not been updated.

.PHONY: all clean fclean re bonus
#  Implicit rule search has not been done.
#  Modification time never checked.
#  File has not been updated.

# Not a target:
src/get_next_line/get_next_line.c:
#  Implicit rule search has been done.
#  Last modified 2022-06-25 13:30:46
#  File has been updated.
#  Successfully updated.
# variable set hash-table stats:
# Load=0/32=0%, Rehash=0, Collisions=0/0=0%

cub3D: src/get_next_line/get_next_line_utils.o src/get_next_line/get_next_line.o src/parser/parser.o src/parser/validator.o src/utils/str_utils.o src/cub3D.o
#  Implicit rule search has not been done.
#  Last modified 2022-06-25 14:04:34
#  File has been updated.
#  Successfully updated.
# variable set hash-table stats:
# Load=0/32=0%, Rehash=0, Collisions=0/0=0%
#  commands to execute (from `Makefile', line 33):
	@$(CC)  $(FLAGS)  $(OBJ) -o $(NAME) 
	

# Not a target:
src/utils/str_utils.c:
#  Implicit rule search has been done.
#  Last modified 2022-06-25 13:53:43
#  File has been updated.
#  Successfully updated.
# variable set hash-table stats:
# Load=0/32=0%, Rehash=0, Collisions=0/0=0%

# Not a target:
.SUFFIXES:
#  Implicit rule search has not been done.
#  Modification time never checked.
#  File has not been updated.

# Not a target:
src/parser/validator.c:
#  Implicit rule search has been done.
#  Last modified 2022-06-25 14:04:33
#  File has been updated.
#  Successfully updated.
# variable set hash-table stats:
# Load=0/32=0%, Rehash=0, Collisions=0/0=0%

# Not a target:
src/cub3D.c:
#  Implicit rule search has been done.
#  Last modified 2022-06-25 13:42:55
#  File has been updated.
#  Successfully updated.
# variable set hash-table stats:
# Load=0/32=0%, Rehash=0, Collisions=0/0=0%

# Not a target:
Makefile:
#  Implicit rule search has been done.
#  Last modified 2022-06-25 14:09:47
#  File has been updated.
#  Successfully updated.
# variable set hash-table stats:
# Load=0/32=0%, Rehash=0, Collisions=0/0=0%

src/get_next_line/get_next_line_utils.o: src/get_next_line/get_next_line_utils.c
#  Implicit rule search has been done.
#  Implicit/static pattern stem: `src/get_next_line/get_next_line_utils'
#  Last modified 2022-06-25 13:56:58
#  File has been updated.
#  Successfully updated.
# variable set hash-table stats:
# Load=0/32=0%, Rehash=0, Collisions=0/0=0%
#  commands to execute (from `Makefile', line 35):
	@$(CC) $(FLAGS) -c $<  -o $@
	

bonus:
#  Phony target (prerequisite of .PHONY).
#  Implicit rule search has not been done.
#  File does not exist.
#  File has not been updated.
#  commands to execute (from `Makefile', line 38):
	@echo bonus
	

fclean: clean
#  Phony target (prerequisite of .PHONY).
#  Implicit rule search has not been done.
#  File does not exist.
#  File has not been updated.
#  commands to execute (from `Makefile', line 44):
	@rm -f $(NAME)
	

src/parser/parser.o: src/parser/parser.c
#  Implicit rule search has been done.
#  Implicit/static pattern stem: `src/parser/parser'
#  Last modified 2022-06-25 13:56:58
#  File has been updated.
#  Successfully updated.
# variable set hash-table stats:
# Load=0/32=0%, Rehash=0, Collisions=0/0=0%
#  commands to execute (from `Makefile', line 35):
	@$(CC) $(FLAGS) -c $<  -o $@
	

file_extension: cub3D
#  Implicit rule search has not been done.
#  Modification time never checked.
#  File has not been updated.
#  commands to execute (from `Makefile', line 59):
	@echo "\033[92m Test File Extension\033[0m"
	@./$(NAME) maps/t.cub	|| true	
	@./$(NAME) maps/t.cubb	|| true	
	@./$(NAME) maps/t.cu	|| true	
	@./$(NAME) maps/.cudb	|| true	
	@./$(NAME) maps/.cub	|| true	
	@echo "\033[92m End Test File Extension\033[0m"
	

# Not a target:
.DEFAULT:
#  Implicit rule search has not been done.
#  Modification time never checked.
#  File has not been updated.

re: fclean all
#  Phony target (prerequisite of .PHONY).
#  Implicit rule search has not been done.
#  File does not exist.
#  File has not been updated.

clean:
#  Phony target (prerequisite of .PHONY).
#  Implicit rule search has not been done.
#  File does not exist.
#  File has not been updated.
#  commands to execute (from `Makefile', line 41):
	@rm -f $(OBJ)
	

# Not a target:
src/get_next_line/get_next_line_utils.c:
#  Implicit rule search has been done.
#  Last modified 2022-06-25 13:41:34
#  File has been updated.
#  Successfully updated.
# variable set hash-table stats:
# Load=0/32=0%, Rehash=0, Collisions=0/0=0%

src/get_next_line/get_next_line.o: src/get_next_line/get_next_line.c
#  Implicit rule search has been done.
#  Implicit/static pattern stem: `src/get_next_line/get_next_line'
#  Last modified 2022-06-25 13:39:05
#  File has been updated.
#  Successfully updated.
# variable set hash-table stats:
# Load=0/32=0%, Rehash=0, Collisions=0/0=0%
#  commands to execute (from `Makefile', line 35):
	@$(CC) $(FLAGS) -c $<  -o $@
	

# Not a target:
src/parser/parser.c:
#  Implicit rule search has been done.
#  Last modified 2022-06-25 13:56:53
#  File has been updated.
#  Successfully updated.
# variable set hash-table stats:
# Load=0/32=0%, Rehash=0, Collisions=0/0=0%

src/utils/str_utils.o: src/utils/str_utils.c
#  Implicit rule search has been done.
#  Implicit/static pattern stem: `src/utils/str_utils'
#  Last modified 2022-06-25 13:57:48
#  File has been updated.
#  Successfully updated.
# variable set hash-table stats:
# Load=0/32=0%, Rehash=0, Collisions=0/0=0%
#  commands to execute (from `Makefile', line 35):
	@$(CC) $(FLAGS) -c $<  -o $@
	

src/parser/validator.o: src/parser/validator.c
#  Implicit rule search has been done.
#  Implicit/static pattern stem: `src/parser/validator'
#  Last modified 2022-06-25 14:04:34
#  File has been updated.
#  Successfully updated.
# variable set hash-table stats:
# Load=0/32=0%, Rehash=0, Collisions=0/0=0%
#  commands to execute (from `Makefile', line 35):
	@$(CC) $(FLAGS) -c $<  -o $@
	

src/cub3D.o: src/cub3D.c
#  Implicit rule search has been done.
#  Implicit/static pattern stem: `src/cub3D'
#  Last modified 2022-06-25 13:57:48
#  File has been updated.
#  Successfully updated.
# variable set hash-table stats:
 
# Load=0/32=0%, Rehash=0, Collisions=0/0=0%
#  commands to execute (from `Makefile', line 35):
	@$(CC) $(FLAGS) -c $<  -o $@
	

# files hash-table stats:
# Load=24/1024=2%, Rehash=0, Collisions=0/72=0%
# VPATH Search Paths

# No `vpath' search paths.

# No general (`VPATH' variable) search path.

# # of strings in strcache: 1
# # of strcache buffers: 1
# strcache size: total = 4096 / max = 4096 / min = 4096 / avg = 4096
# strcache free: total = 4087 / max = 4087 / min = 4087 / avg = 4087

# Finished Make data base on Sat Jun 25 14:10:10 2022

 
